[2023-10-26 10:44:37,895] - [org.hibernate.validator.internal.util.Version] [<clinit>] -> (INFO) [HV000001: Hibernate Validator 6.2.5.Final] 
[2023-10-26 10:44:37,954] - [com.hcl.elch.freshersuperchargers.trainingworkflow.TrainingWorkflowApplication] [logStarting] -> (INFO) [Starting TrainingWorkflowApplication using Java 17.0.4.1 on LP-5CG1369TJ6 with PID 13300 (C:\Users\avula_aswini\Downloads\27-09-2023\27-09-2023\TrainingWorkFlow\target\classes started by avula_aswini in C:\Users\avula_aswini\Downloads\27-09-2023\27-09-2023\TrainingWorkFlow)] 
[2023-10-26 10:44:37,964] - [com.hcl.elch.freshersuperchargers.trainingworkflow.TrainingWorkflowApplication] [logStartupProfileInfo] -> (INFO) [No active profile set, falling back to 1 default profile: "default"] 
[2023-10-26 10:44:38,038] - [org.springframework.boot.devtools.restart.ChangeableUrls] [logTo] -> (INFO) [The Class-Path manifest attribute in C:\Users\avula_aswini\.m2\repository\org\glassfish\hk2\hk2\2.6.1\hk2-2.6.1.jar referenced one or more files that do not exist: file:/C:/Users/avula_aswini/.m2/repository/org/glassfish/hk2/hk2/2.6.1/hk2-utils.jar,file:/C:/Users/avula_aswini/.m2/repository/org/glassfish/hk2/hk2/2.6.1/jakarta.annotation-api.jar,file:/C:/Users/avula_aswini/.m2/repository/org/glassfish/hk2/hk2/2.6.1/jakarta.inject.jar,file:/C:/Users/avula_aswini/.m2/repository/org/glassfish/hk2/hk2/2.6.1/hk2-api.jar,file:/C:/Users/avula_aswini/.m2/repository/org/glassfish/hk2/hk2/2.6.1/aopalliance-repackaged.jar,file:/C:/Users/avula_aswini/.m2/repository/org/glassfish/hk2/hk2/2.6.1/hk2-core.jar,file:/C:/Users/avula_aswini/.m2/repository/org/glassfish/hk2/hk2/2.6.1/hk2-locator.jar,file:/C:/Users/avula_aswini/.m2/repository/org/glassfish/hk2/hk2/2.6.1/javassist.jar,file:/C:/Users/avula_aswini/.m2/repository/org/glassfish/hk2/hk2/2.6.1/hk2-runlevel.jar,file:/C:/Users/avula_aswini/.m2/repository/org/glassfish/hk2/hk2/2.6.1/class-model.jar,file:/C:/Users/avula_aswini/.m2/repository/org/glassfish/hk2/hk2/2.6.1/asm.jar,file:/C:/Users/avula_aswini/.m2/repository/org/glassfish/hk2/hk2/2.6.1/asm-analysis.jar,file:/C:/Users/avula_aswini/.m2/repository/org/glassfish/hk2/hk2/2.6.1/asm-commons.jar,file:/C:/Users/avula_aswini/.m2/repository/org/glassfish/hk2/hk2/2.6.1/asm-tree.jar,file:/C:/Users/avula_aswini/.m2/repository/org/glassfish/hk2/hk2/2.6.1/asm-util.jar] 
[2023-10-26 10:44:38,039] - [org.springframework.boot.devtools.env.DevToolsPropertyDefaultsPostProcessor] [logTo] -> (INFO) [Devtools property defaults active! Set 'spring.devtools.add-properties' to 'false' to disable] 
[2023-10-26 10:44:38,039] - [org.springframework.boot.devtools.env.DevToolsPropertyDefaultsPostProcessor] [logTo] -> (INFO) [For additional web related logging consider setting the 'logging.level.web' property to 'DEBUG'] 
[2023-10-26 10:44:39,389] - [org.springframework.data.repository.config.RepositoryConfigurationDelegate] [registerRepositoriesIn] -> (INFO) [Bootstrapping Spring Data JPA repositories in DEFAULT mode.] 
[2023-10-26 10:44:39,583] - [org.springframework.data.repository.config.RepositoryConfigurationDelegate] [registerRepositoriesIn] -> (INFO) [Finished Spring Data repository scanning in 182 ms. Found 14 JPA repository interfaces.] 
[2023-10-26 10:44:40,972] - [org.springframework.boot.web.embedded.tomcat.TomcatWebServer] [initialize] -> (INFO) [Tomcat initialized with port(s): 9002 (http)] 
[2023-10-26 10:44:40,986] - [org.apache.coyote.http11.Http11NioProtocol] [log] -> (INFO) [Initializing ProtocolHandler ["http-nio-9002"]] 
[2023-10-26 10:44:40,987] - [org.apache.catalina.core.StandardService] [log] -> (INFO) [Starting service [Tomcat]] 
[2023-10-26 10:44:40,987] - [org.apache.catalina.core.StandardEngine] [log] -> (INFO) [Starting Servlet engine: [Apache Tomcat/9.0.65]] 
[2023-10-26 10:44:41,692] - [org.apache.catalina.core.ContainerBase.[Tomcat].[localhost].[/]] [log] -> (INFO) [Initializing Spring embedded WebApplicationContext] 
[2023-10-26 10:44:41,693] - [org.springframework.boot.web.servlet.context.ServletWebServerApplicationContext] [prepareWebApplicationContext] -> (INFO) [Root WebApplicationContext: initialization completed in 3652 ms] 
[2023-10-26 10:44:41,743] - [org.camunda.bpm.spring.boot.starter.rest.CamundaJerseyResourceConfig] [registerCamundaRestResources] -> (INFO) [Configuring camunda rest api.] 
[2023-10-26 10:44:41,789] - [org.camunda.bpm.spring.boot.starter.rest.CamundaJerseyResourceConfig] [registerCamundaRestResources] -> (INFO) [Finished configuring camunda rest api.] 
[2023-10-26 10:44:42,379] - [org.hibernate.jpa.internal.util.LogHelper] [logPersistenceUnitInformation] -> (INFO) [HHH000204: Processing PersistenceUnitInfo [name: default]] 
[2023-10-26 10:44:42,475] - [org.hibernate.Version] [logVersion] -> (INFO) [HHH000412: Hibernate ORM core version 5.6.11.Final] 
[2023-10-26 10:44:42,747] - [org.hibernate.annotations.common.Version] [<clinit>] -> (INFO) [HCANN000001: Hibernate Commons Annotations {5.1.2.Final}] 
[2023-10-26 10:44:42,945] - [com.zaxxer.hikari.HikariDataSource] [getConnection] -> (INFO) [HikariPool-1 - Starting...] 
[2023-10-26 10:44:47,210] - [com.zaxxer.hikari.HikariDataSource] [getConnection] -> (INFO) [HikariPool-1 - Start completed.] 
[2023-10-26 10:44:47,280] - [org.hibernate.dialect.Dialect] [<init>] -> (INFO) [HHH000400: Using dialect: org.hibernate.dialect.MySQL5InnoDBDialect] 
[2023-10-26 10:44:54,889] - [org.hibernate.engine.transaction.jta.platform.internal.JtaPlatformInitiator] [initiateService] -> (INFO) [HHH000490: Using JtaPlatform implementation: [org.hibernate.engine.transaction.jta.platform.internal.NoJtaPlatform]] 
[2023-10-26 10:44:54,918] - [org.springframework.orm.jpa.LocalContainerEntityManagerFactoryBean] [buildNativeEntityManagerFactory] -> (INFO) [Initialized JPA EntityManagerFactory for persistence unit 'default'] 
[2023-10-26 10:44:56,229] - [org.camunda.bpm.spring.boot] [logInfo] -> (INFO) [STARTER-SB040 Setting up jobExecutor with corePoolSize=3, maxPoolSize:10] 
[2023-10-26 10:44:56,417] - [org.camunda.bpm.engine.cfg] [logInfo] -> (INFO) [ENGINE-12003 Plugin 'CompositeProcessEnginePlugin[genericPropertiesConfiguration, camundaProcessEngineConfiguration, camundaDatasourceConfiguration, camundaJpaConfiguration, camundaJobConfiguration, camundaHistoryConfiguration, camundaMetricsConfiguration, camundaAuthorizationConfiguration, failedJobConfiguration, disableDeploymentResourcePattern, eventPublisherPlugin, ApplicationContextClassloaderSwitchPlugin, SpringBootSpinProcessEnginePlugin]' activated on process engine 'default'] 
[2023-10-26 10:44:56,430] - [org.camunda.bpm.spring.boot] [logInfo] -> (INFO) [STARTER-SB020 ProcessApplication enabled: autoDeployment via springConfiguration#deploymentResourcePattern is disabled] 
[2023-10-26 10:44:56,433] - [org.camunda.bpm.spring.boot.starter.event.EventPublisherPlugin] [preInit] -> (INFO) [EVENTING-001: Initialized Camunda Spring Boot Eventing Engine Plugin.] 
[2023-10-26 10:44:56,434] - [org.camunda.bpm.spring.boot.starter.event.EventPublisherPlugin] [preInit] -> (INFO) [EVENTING-003: Task events will be published as Spring Events.] 
[2023-10-26 10:44:56,434] - [org.camunda.bpm.spring.boot.starter.event.EventPublisherPlugin] [preInit] -> (INFO) [EVENTING-005: Execution events will be published as Spring Events.] 
[2023-10-26 10:44:56,439] - [org.camunda.bpm.spring.boot.starter.event.EventPublisherPlugin] [preInit] -> (INFO) [EVENTING-007: History events will be published as Spring events.] 
[2023-10-26 10:44:56,451] - [org.camunda.spin] [logInfo] -> (INFO) [SPIN-01010 Discovered Spin data format provider: org.camunda.spin.impl.json.jackson.format.JacksonJsonDataFormatProvider[name = application/json]] 
[2023-10-26 10:44:56,920] - [org.camunda.spin] [logInfo] -> (INFO) [SPIN-01010 Discovered Spin data format provider: org.camunda.spin.impl.xml.dom.format.DomXmlDataFormatProvider[name = application/xml]] 
[2023-10-26 10:44:57,079] - [org.camunda.spin] [logInfo] -> (INFO) [SPIN-01009 Discovered Spin data format: org.camunda.spin.impl.xml.dom.format.DomXmlDataFormat[name = application/xml]] 
[2023-10-26 10:44:57,079] - [org.camunda.spin] [logInfo] -> (INFO) [SPIN-01009 Discovered Spin data format: org.camunda.spin.impl.json.jackson.format.JacksonJsonDataFormat[name = application/json]] 
[2023-10-26 10:44:57,397] - [org.camunda.bpm.dmn.feel.scala] [logInfo] -> (INFO) [FEEL/SCALA-01001 Spin value mapper detected] 
[2023-10-26 10:44:57,538] - [org.camunda.feel.FeelEngine] [<init>] -> (INFO) [Engine created. [value-mapper: CompositeValueMapper(List(org.camunda.feel.impl.JavaValueMapper@7b1daab4, org.camunda.spin.plugin.impl.feel.integration.SpinValueMapper@56d6d76b)), function-provider: org.camunda.bpm.dmn.feel.impl.scala.function.CustomFunctionTransformer@5a67ee40, clock: SystemClock, configuration: Configuration(false)]] 
[2023-10-26 10:45:02,463] - [org.camunda.bpm.connect] [logInfo] -> (INFO) [CNCT-01004 Discovered provider for connector id 'http-connector' and class 'org.camunda.connect.httpclient.impl.HttpConnectorImpl': 'org.camunda.connect.httpclient.impl.HttpConnectorProviderImpl'] 
[2023-10-26 10:45:02,468] - [org.camunda.bpm.connect] [logInfo] -> (INFO) [CNCT-01004 Discovered provider for connector id 'soap-http-connector' and class 'org.camunda.connect.httpclient.soap.impl.SoapHttpConnectorImpl': 'org.camunda.connect.httpclient.soap.impl.SoapHttpConnectorProviderImpl'] 
[2023-10-26 10:45:09,340] - [org.camunda.bpm.engine] [logInfo] -> (INFO) [ENGINE-00001 Process Engine default created.] 
[2023-10-26 10:45:10,502] - [org.drools.compiler.kie.builder.impl.KieBuilderImpl] [packageNameForFile] -> (WARN) [File 'rules/tasks.drl' is in folder 'rules' but declares package 'com.foobat'. It is advised to have a correspondance between package and folder names.] 
[2023-10-26 10:45:11,291] - [org.springframework.boot.autoconfigure.orm.jpa.JpaBaseConfiguration$JpaWebConfiguration] [openEntityManagerInViewInterceptor] -> (WARN) [spring.jpa.open-in-view is enabled by default. Therefore, database queries may be performed during view rendering. Explicitly configure spring.jpa.open-in-view to disable this warning] 
[2023-10-26 10:45:11,756] - [org.camunda.bpm.spring.boot.starter.webapp.filter.LazyInitRegistration] [lazyInit] -> (INFO) [lazy initialized org.camunda.bpm.spring.boot.starter.webapp.filter.LazyProcessEnginesFilter@19f7b9d2] 
[2023-10-26 10:45:11,869] - [org.camunda.bpm.spring.boot.starter.webapp.filter.LazyInitRegistration] [lazyInit] -> (INFO) [lazy initialized org.camunda.bpm.spring.boot.starter.webapp.filter.LazySecurityFilter@335bcd72] 
[2023-10-26 10:45:12,226] - [org.springframework.boot.devtools.autoconfigure.OptionalLiveReloadServer] [startServer] -> (INFO) [LiveReload server is running on port 35729] 
[2023-10-26 10:45:12,260] - [org.apache.coyote.http11.Http11NioProtocol] [log] -> (INFO) [Starting ProtocolHandler ["http-nio-9002"]] 
[2023-10-26 10:45:12,325] - [org.springframework.boot.web.embedded.tomcat.TomcatWebServer] [start] -> (INFO) [Tomcat started on port(s): 9002 (http) with context path ''] 
[2023-10-26 10:45:12,365] - [org.camunda.bpm.container] [logInfo] -> (INFO) [ENGINE-08024 Found processes.xml file at file:/C:/Users/avula_aswini/Downloads/27-09-2023/27-09-2023/TrainingWorkFlow/target/classes/META-INF/processes.xml] 
[2023-10-26 10:45:12,502] - [org.camunda.bpm.container] [logInfo] -> (INFO) [ENGINE-08023 Deployment summary for process archive 'trainingWorkflowApplication': 

        userform.form
        training-workflow.bpmn
        userformPOC.form
] 
[2023-10-26 10:45:18,524] - [org.camunda.bpm.application] [logInfo] -> (INFO) [ENGINE-07021 ProcessApplication 'trainingWorkflowApplication' registered for DB deployments [90e6458b-72f8-11ee-b5a8-fa89d2161e61, 0d419478-7247-11ee-9bea-fa89d2161e61, 8dd564f9-7334-11ee-9e01-fa89d2161e61, 034d94f4-7245-11ee-b4cd-fa89d2161e61, 868d6a60-72f6-11ee-83ab-fa89d2161e61, 2f0836fb-72f7-11ee-b164-fa89d2161e61, e05862ca-6e4d-11ee-a41d-fa89d2161e61, f81827c5-7240-11ee-9d62-fa89d2161e61, bb261181-7248-11ee-9e79-fa89d2161e61]. Will execute process definitions 

        Decision[version: 8, id: Decision:8:9123277f-72f8-11ee-b5a8-fa89d2161e61]
        Decision[version: 4, id: Decision:4:0d7b1b0c-7247-11ee-9bea-fa89d2161e61]
        Decision[version: 9, id: Decision:9:8e054e9d-7334-11ee-9e01-fa89d2161e61]
        Decision[version: 3, id: Decision:3:038bd678-7245-11ee-b4cd-fa89d2161e61]
        Decision[version: 6, id: Decision:6:86daa004-72f6-11ee-83ab-fa89d2161e61]
        Decision[version: 7, id: Decision:7:2f43e06f-72f7-11ee-b164-fa89d2161e61]
        Decision[version: 1, id: Decision:1:e08e18ce-6e4d-11ee-a41d-fa89d2161e61]
        Decision[version: 2, id: Decision:2:f857a1c9-7240-11ee-9d62-fa89d2161e61]
        Decision[version: 5, id: Decision:5:bb597d95-7248-11ee-9e79-fa89d2161e61]
Deployment does not provide any case definitions.] 
[2023-10-26 10:45:18,966] - [org.camunda.bpm.container] [logInfo] -> (INFO) [ENGINE-08050 Process application trainingWorkflowApplication successfully deployed] 
[2023-10-26 10:45:18,971] - [com.hcl.elch.freshersuperchargers.trainingworkflow.TrainingWorkflowApplication] [logStarted] -> (INFO) [Started TrainingWorkflowApplication in 41.57 seconds (JVM running for 45.163)] 
[2023-10-26 10:45:18,975] - [org.camunda.bpm.engine.jobexecutor] [logInfo] -> (INFO) [ENGINE-14014 Starting up the JobExecutor[org.camunda.bpm.engine.spring.components.jobexecutor.SpringJobExecutor].] 
[2023-10-26 10:45:18,979] - [org.camunda.bpm.engine.jobexecutor] [logInfo] -> (INFO) [ENGINE-14018 JobExecutor[org.camunda.bpm.engine.spring.components.jobexecutor.SpringJobExecutor] starting to acquire jobs] 
[2023-10-26 10:45:29,891] - [org.apache.catalina.core.ContainerBase.[Tomcat].[localhost].[/]] [log] -> (INFO) [Initializing Spring DispatcherServlet 'dispatcherServlet'] 
[2023-10-26 10:45:29,891] - [org.springframework.web.servlet.DispatcherServlet] [initServletBean] -> (INFO) [Initializing Servlet 'dispatcherServlet'] 
[2023-10-26 10:45:29,893] - [org.springframework.web.servlet.DispatcherServlet] [initServletBean] -> (INFO) [Completed initialization in 2 ms] 
